\BOOKMARK [0][-]{chapter.1}{Introducci\363n}{}% 1
\BOOKMARK [1][-]{section.1.1}{Motivaci\363n}{chapter.1}% 2
\BOOKMARK [1][-]{section.1.2}{Objetivos}{chapter.1}% 3
\BOOKMARK [1][-]{section.1.3}{Estructura\040de\040la\040memoria}{chapter.1}% 4
\BOOKMARK [0][-]{chapter.2}{Estado\040del\040arte}{}% 5
\BOOKMARK [1][-]{section.2.1}{Experiencia\040del\040Usuario\040en\040la\040Industria\040de\040la\040Automoci\363n}{chapter.2}% 6
\BOOKMARK [2][-]{subsection.2.1.1}{Panales\040t\341ctiles}{section.2.1}% 7
\BOOKMARK [2][-]{subsection.2.1.2}{Coches\040conectados}{section.2.1}% 8
\BOOKMARK [2][-]{subsection.2.1.3}{Heads\040Up\040Display\040\(HUD\)}{section.2.1}% 9
\BOOKMARK [1][-]{section.2.2}{Sistemas\040Avanzados\040de\040Ayuda\040a\040la\040Conducci\363n\040\(ADAS\)}{chapter.2}% 10
\BOOKMARK [1][-]{section.2.3}{Veh\355culos\040Aut\363nomos}{chapter.2}% 11
\BOOKMARK [1][-]{section.2.4}{Inteligencia\040Artificial\040y\040Aprendizaje\040Autom\341tico}{chapter.2}% 12
\BOOKMARK [2][-]{subsection.2.4.1}{Redes\040Neuronales}{section.2.4}% 13
\BOOKMARK [1][-]{section.2.5}{Trabajos\040Relacionados}{chapter.2}% 14
\BOOKMARK [0][-]{chapter.3}{Dise\361o\040del\040sistema}{}% 15
\BOOKMARK [0][-]{chapter.4}{Implementaci\363n\040y\040resultados}{}% 16
\BOOKMARK [0][-]{chapter.5}{Marco\040regulador}{}% 17
\BOOKMARK [0][-]{chapter.6}{Entorno\040socio-econ\363mico}{}% 18
\BOOKMARK [1][-]{section.6.1}{Gesti\363n\040del\040proyecto}{chapter.6}% 19
\BOOKMARK [1][-]{section.6.2}{Impacto\040socio-econ\363mico}{chapter.6}% 20
\BOOKMARK [0][-]{chapter.7}{Conclusiones\040y\040trabajos\040futuros}{}% 21
\BOOKMARK [0][-]{chapter.7}{Bibliograf\355a}{}% 22
